<?xml version="1.0" encoding="UTF-8"?>
<!-- Generated by org.testng.reporters.JUnitReportReporter -->
<testsuite hostname="DESKTOP-SVSUAQP" failures="0" tests="2" name="Ifran_Saad_Omee_API.APIAutomationRestAssured.BoardApiTest" time="2.410" errors="0" timestamp="2025-07-06T22:25:00 IST" skipped="0">
  <testcase classname="Ifran_Saad_Omee_API.APIAutomationRestAssured.BoardApiTest" name="testGetBoards" time="1.794"/>
  <testcase classname="Ifran_Saad_Omee_API.APIAutomationRestAssured.BoardApiTest" name="testCreateBoard" time="0.616"/>
</testsuite> <!-- Ifran_Saad_Omee_API.APIAutomationRestAssured.BoardApiTest -->
