<?xml version="1.0" encoding="UTF-8"?>
<!-- Generated by org.testng.reporters.JUnitReportReporter -->
<testsuite hostname="DESKTOP-SVSUAQP" failures="0" tests="1" name="Ifran_Saad_Omee_API.APIAutomationRestAssured.ListApiTest" time="0.107" errors="0" timestamp="2025-07-06T22:25:00 IST" skipped="0">
  <testcase classname="Ifran_Saad_Omee_API.APIAutomationRestAssured.ListApiTest" name="testCreateList" time="0.107"/>
</testsuite> <!-- Ifran_Saad_Omee_API.APIAutomationRestAssured.ListApiTest -->
