<?xml version="1.0" encoding="UTF-8"?>
<!-- Generated by org.testng.reporters.JUnitReportReporter -->
<testsuite hostname="DESKTOP-SVSUAQP" failures="0" tests="1" name="com.transmedia_ui.qa.testcases.BoardPageTest" time="5.328" errors="0" timestamp="2025-07-05T22:05:16 IST" skipped="0">
  <testcase classname="com.transmedia_ui.qa.testcases.BoardPageTest" name="testCreateBoard" time="5.328"/>
</testsuite> <!-- com.transmedia_ui.qa.testcases.BoardPageTest -->
